<?xml version="1.0" encoding="UTF-8"?>
<!-- Generated by org.testng.reporters.JUnitReportReporter -->
<testsuite hostname="DESKTOP-SHNC452" failures="0" tests="1" name="module2_cart.SauceLab_AddToCart_Test" time="5.314" errors="0" timestamp="2024-12-16T16:15:00 IST" skipped="0">
  <testcase classname="module2_cart.SauceLab_AddToCart_Test" name="addToCart" time="5.314"/>
  <system-out/>
</testsuite> <!-- module2_cart.SauceLab_AddToCart_Test -->
