<?xml version="1.0" encoding="UTF-8"?>
<!-- Generated by org.testng.reporters.JUnitReportReporter -->
<testsuite hostname="DESKTOP-SHNC452" failures="0" tests="1" name="module1_Login.SwagLabLoginTest" time="10.925" errors="0" timestamp="2024-12-16T16:14:40 IST" skipped="0">
  <testcase classname="module1_Login.SwagLabLoginTest" name="homepage" time="10.925"/>
  <system-out/>
</testsuite> <!-- module1_Login.SwagLabLoginTest -->
