<?xml version="1.0" encoding="UTF-8"?>
<!-- Generated by org.testng.reporters.JUnitReportReporter -->
<testsuite hostname="DESKTOP-SHNC452" failures="0" tests="1" name="module2_cart.SauceLab_AddToCart_Test" time="5.342" errors="0" timestamp="2024-12-18T14:38:09 IST" skipped="0">
  <testcase classname="module2_cart.SauceLab_AddToCart_Test" name="addToCart" time="5.342"/>
</testsuite> <!-- module2_cart.SauceLab_AddToCart_Test -->
