<?xml version="1.0" encoding="UTF-8"?>
<!-- Generated by org.testng.reporters.JUnitReportReporter -->
<testsuite hostname="DESKTOP-SHNC452" failures="0" tests="1" name="module1_Login.SwagLabLoginTest" time="11.447" errors="0" timestamp="2024-12-18T14:38:09 IST" skipped="0">
  <testcase classname="module1_Login.SwagLabLoginTest" name="homepage" time="11.447"/>
</testsuite> <!-- module1_Login.SwagLabLoginTest -->
